<?xml version="1.0" encoding="UTF-8"?>
<!-- Generated by org.testng.reporters.JUnitXMLReporter -->
<testsuite ignored="2" hostname="salman-PC" failures="0" tests="0" time="0.029" errors="0" timestamp="15 Dec 2020 06:45:33 GMT">
  <testcase classname="testCases.Alltestcases" name="launchAllTestCases" time="0.0">
    <ignored/>
  </testcase> <!-- launchAllTestCases -->
  <testcase classname="testCases.Alltestcases" name="productSearch" time="0.0">
    <ignored/>
  </testcase> <!-- productSearch -->
</testsuite>
