<?xml version="1.0" encoding="UTF-8"?>
<!-- Generated by org.testng.reporters.JUnitXMLReporter -->
<testsuite ignored="4" hostname="salman-PC" failures="1" tests="1" name="Test1" time="104.862" errors="0" timestamp="15 Dec 2020 05:08:23 GMT">
  <testcase classname="testSuites.Suites" name="smokeSuite" time="98.394">
    <failure type="java.lang.NullPointerException" message="Cannot invoke &amp;quot;org.openqa.selenium.WebDriver.manage()&amp;quot; because &amp;quot;this.driver&amp;quot; is null">
      <![CDATA[java.lang.NullPointerException: Cannot invoke "org.openqa.selenium.WebDriver.manage()" because "this.driver" is null
	at testCases.TC005_AddingToCart.addingToCart(TC005_AddingToCart.java:31)
	at testCases.Alltestcases.launchAllTestCases(Alltestcases.java:53)
	at testSuites.Suites.smokeSuite(Suites.java:72)
... Removed 25 stack frames]]>
    </failure>
  </testcase> <!-- smokeSuite -->
  <testcase classname="testCases.Alltestcases" name="launchAllTestCases" time="0.0">
    <ignored/>
  </testcase> <!-- launchAllTestCases -->
  <testcase classname="testSuites.Suites" name="regressionSuite" time="0.0">
    <ignored/>
  </testcase> <!-- regressionSuite -->
  <testcase classname="testCases.Alltestcases" name="productSearch" time="0.0">
    <ignored/>
  </testcase> <!-- productSearch -->
  <testcase classname="testSuites.Suites" name="whichSuiteRun" time="0.0">
    <ignored/>
  </testcase> <!-- whichSuiteRun -->
</testsuite> <!-- Test1 -->
